<?xml version="1.0" encoding="UTF-8"?>
<testsuite name="koans.Numbers" tests="6" skipped="0" failures="0" errors="0" timestamp="2017-06-17T13:05:30" hostname="U343TPP50" time="0.018">
  <properties/>
  <testcase name="downTo" classname="koans.Numbers" time="0.001"/>
  <testcase name="step" classname="koans.Numbers" time="0.002"/>
  <testcase name="upTo" classname="koans.Numbers" time="0.001"/>
  <testcase name="repetition" classname="koans.Numbers" time="0.001"/>
  <testcase name="numeric methods" classname="koans.Numbers" time="0.009"/>
  <testcase name="conversion" classname="koans.Numbers" time="0.001"/>
  <system-out><![CDATA[]]></system-out>
  <system-err><![CDATA[]]></system-err>
</testsuite>
