<?xml version="1.0" encoding="UTF-8"?>
<testsuite name="koans.RegularExpressions" tests="3" skipped="0" failures="0" errors="0" timestamp="2017-06-17T13:05:30" hostname="U343TPP50" time="0.006">
  <properties/>
  <testcase name="Matcher" classname="koans.RegularExpressions" time="0.002"/>
  <testcase name="matches" classname="koans.RegularExpressions" time="0.0"/>
  <testcase name="Pattern" classname="koans.RegularExpressions" time="0.003"/>
  <system-out><![CDATA[]]></system-out>
  <system-err><![CDATA[]]></system-err>
</testsuite>
