<?xml version="1.0" encoding="UTF-8"?>
<testsuite name="koans.Lists" tests="18" skipped="0" failures="0" errors="0" timestamp="2017-06-17T13:05:30" hostname="U343TPP50" time="0.022">
  <properties/>
  <testcase name="Adding items" classname="koans.Lists" time="0.007"/>
  <testcase name="Adding lists" classname="koans.Lists" time="0.003"/>
  <testcase name="truthness of lists" classname="koans.Lists" time="0.001"/>
  <testcase name="sublist with ranges" classname="koans.Lists" time="0.002"/>
  <testcase name="adding items in range" classname="koans.Lists" time="0.002"/>
  <testcase name="removing items in range" classname="koans.Lists" time="0.0"/>
  <testcase name="accessing list items by index" classname="koans.Lists" time="0.0"/>
  <testcase name="minus operator with lists" classname="koans.Lists" time="0.001"/>
  <testcase name="plus operator with lists" classname="koans.Lists" time="0.0"/>
  <testcase name="lists as a case in switch statements" classname="koans.Lists" time="0.001"/>
  <testcase name="Defining lists" classname="koans.Lists" time="0.001"/>
  <testcase name="adding items using lefshift operator" classname="koans.Lists" time="0.0"/>
  <testcase name="accessing items from the last" classname="koans.Lists" time="0.0"/>
  <testcase name="in operator with lists for classification" classname="koans.Lists" time="0.0"/>
  <testcase name="iterate over a list" classname="koans.Lists" time="0.001"/>
  <testcase name="multiply operator with lists" classname="koans.Lists" time="0.001"/>
  <testcase name="specific indices" classname="koans.Lists" time="0.0"/>
  <testcase name="altering using ranges" classname="koans.Lists" time="0.001"/>
  <system-out><![CDATA[]]></system-out>
  <system-err><![CDATA[]]></system-err>
</testsuite>
