<?xml version="1.0" encoding="UTF-8"?>
<testsuite name="koans.Ranges" tests="5" skipped="0" failures="0" errors="0" timestamp="2017-06-17T13:05:30" hostname="U343TPP50" time="0.023">
  <properties/>
  <testcase name="Custom ranges: weekdays" classname="koans.Ranges" time="0.007"/>
  <testcase name="syntax of range" classname="koans.Ranges" time="0.004"/>
  <testcase name="Specifying ranges" classname="koans.Ranges" time="0.009"/>
  <testcase name="replace conditions with ranges" classname="koans.Ranges" time="0.0"/>
  <testcase name="Ranges are objects" classname="koans.Ranges" time="0.003"/>
  <system-out><![CDATA[]]></system-out>
  <system-err><![CDATA[]]></system-err>
</testsuite>
