<?xml version="1.0" encoding="UTF-8"?>
<testsuite name="koans.Strings" tests="4" skipped="0" failures="0" errors="0" timestamp="2017-06-17T13:05:30" hostname="U343TPP50" time="0.002">
  <properties/>
  <testcase name="Multiline strings" classname="koans.Strings" time="0.001"/>
  <testcase name="Many ways to quote a 'String'" classname="koans.Strings" time="0.0"/>
  <testcase name="Many ways to quote a /String/" classname="koans.Strings" time="0.0"/>
  <testcase name="GString" classname="koans.Strings" time="0.0"/>
  <system-out><![CDATA[Het is tijd, 
de hoogste tijd,
        u wordt bedankt voor weer 
'n avond gezelligheid,
        dag mevrouw en dag meneer,
        u komt hier toch weer.
        
Leerdammerkaas, carpaccio, 
wat een combinatio
]]></system-out>
  <system-err><![CDATA[]]></system-err>
</testsuite>
